# JRE version: Java(TM) SE Runtime Environment (8.0_91-b14) (build 1.8.0_91-b14)
# Java VM: Java HotSpot(TM) 64-Bit Server VM (25.91-b14 mixed mode linux-amd64 compressed oops)
Heap:
 PSYoungGen      total 68608K, used 17166K [0x00000000eab00000, 0x00000000f3100000, 0x0000000100000000)
  eden space 63488K, 27% used [0x00000000eab00000,0x00000000ebbc3be8,0x00000000ee900000)
  from space 5120K, 0% used [0x00000000ee900000,0x00000000ee900000,0x00000000eee00000)
  to   space 5120K, 0% used [0x00000000f2c00000,0x00000000f2c00000,0x00000000f3100000)
 ParOldGen       total 71168K, used 12000K [0x00000000c0000000, 0x00000000c4580000, 0x00000000eab00000)
  object space 71168K, 16% used [0x00000000c0000000,0x00000000c0bb8050,0x00000000c4580000)
 Metaspace       used 21311K, capacity 21760K, committed 21888K, reserved 1069056K
  class space    used 2811K, capacity 2941K, committed 2944K, reserved 1048576K
GC Heap History (8 events):
Event: 0.271 GC heap before
{Heap before GC invocations=1 (full 0):
 PSYoungGen      total 36864K, used 31744K [0x00000000eab00000, 0x00000000ed400000, 0x0000000100000000)
  eden space 31744K, 100% used [0x00000000eab00000,0x00000000eca00000,0x00000000eca00000)
  from space 5120K, 0% used [0x00000000ecf00000,0x00000000ecf00000,0x00000000ed400000)
  to   space 5120K, 0% used [0x00000000eca00000,0x00000000eca00000,0x00000000ecf00000)
 ParOldGen       total 84992K, used 0K [0x00000000c0000000, 0x00000000c5300000, 0x00000000eab00000)
  object space 84992K, 0% used [0x00000000c0000000,0x00000000c0000000,0x00000000c5300000)
 Metaspace       used 5908K, capacity 6266K, committed 6528K, reserved 1056768K
  class space    used 768K, capacity 834K, committed 896K, reserved 1048576K
Event: 0.278 GC heap after
Heap after GC invocations=1 (full 0):
 PSYoungGen      total 36864K, used 3792K [0x00000000eab00000, 0x00000000ef300000, 0x0000000100000000)
  eden space 31744K, 0% used [0x00000000eab00000,0x00000000eab00000,0x00000000eca00000)
  from space 5120K, 74% used [0x00000000eca00000,0x00000000ecdb4208,0x00000000ecf00000)
  to   space 5120K, 0% used [0x00000000eee00000,0x00000000eee00000,0x00000000ef300000)
 ParOldGen       total 84992K, used 8K [0x00000000c0000000, 0x00000000c5300000, 0x00000000eab00000)
  object space 84992K, 0% used [0x00000000c0000000,0x00000000c0002000,0x00000000c5300000)
 Metaspace       used 5908K, capacity 6266K, committed 6528K, reserved 1056768K
  class space    used 768K, capacity 834K, committed 896K, reserved 1048576K
}
Event: 0.600 GC heap before
{Heap before GC invocations=2 (full 0):
 PSYoungGen      total 36864K, used 35536K [0x00000000eab00000, 0x00000000ef300000, 0x0000000100000000)
  eden space 31744K, 100% used [0x00000000eab00000,0x00000000eca00000,0x00000000eca00000)
  from space 5120K, 74% used [0x00000000eca00000,0x00000000ecdb4208,0x00000000ecf00000)
  to   space 5120K, 0% used [0x00000000eee00000,0x00000000eee00000,0x00000000ef300000)
 ParOldGen       total 84992K, used 8K [0x00000000c0000000, 0x00000000c5300000, 0x00000000eab00000)
  object space 84992K, 0% used [0x00000000c0000000,0x00000000c0002000,0x00000000c5300000)
 Metaspace       used 12094K, capacity 12398K, committed 12544K, reserved 1060864K
  class space    used 1649K, capacity 1751K, committed 1792K, reserved 1048576K
Event: 0.608 GC heap after
Heap after GC invocations=2 (full 0):
 PSYoungGen      total 68608K, used 5108K [0x00000000eab00000, 0x00000000ef300000, 0x0000000100000000)
  eden space 63488K, 0% used [0x00000000eab00000,0x00000000eab00000,0x00000000ee900000)
  from space 5120K, 99% used [0x00000000eee00000,0x00000000ef2fd030,0x00000000ef300000)
  to   space 5120K, 0% used [0x00000000ee900000,0x00000000ee900000,0x00000000eee00000)
 ParOldGen       total 84992K, used 1469K [0x00000000c0000000, 0x00000000c5300000, 0x00000000eab00000)
  object space 84992K, 1% used [0x00000000c0000000,0x00000000c016f4b0,0x00000000c5300000)
 Metaspace       used 12094K, capacity 12398K, committed 12544K, reserved 1060864K
  class space    used 1649K, capacity 1751K, committed 1792K, reserved 1048576K
}
Event: 1.598 GC heap before
{Heap before GC invocations=3 (full 0):
 PSYoungGen      total 68608K, used 57519K [0x00000000eab00000, 0x00000000ef300000, 0x0000000100000000)
  eden space 63488K, 82% used [0x00000000eab00000,0x00000000ede2ed18,0x00000000ee900000)
  from space 5120K, 99% used [0x00000000eee00000,0x00000000ef2fd030,0x00000000ef300000)
  to   space 5120K, 0% used [0x00000000ee900000,0x00000000ee900000,0x00000000eee00000)
 ParOldGen       total 84992K, used 1469K [0x00000000c0000000, 0x00000000c5300000, 0x00000000eab00000)
  object space 84992K, 1% used [0x00000000c0000000,0x00000000c016f4b0,0x00000000c5300000)
 Metaspace       used 20827K, capacity 21178K, committed 21296K, reserved 1067008K
  class space    used 2749K, capacity 2876K, committed 2944K, reserved 1048576K
Event: 1.617 GC heap after
Heap after GC invocations=3 (full 0):
 PSYoungGen      total 68608K, used 5104K [0x00000000eab00000, 0x00000000f3100000, 0x0000000100000000)
  eden space 63488K, 0% used [0x00000000eab00000,0x00000000eab00000,0x00000000ee900000)
  from space 5120K, 99% used [0x00000000ee900000,0x00000000eedfc050,0x00000000eee00000)
  to   space 5120K, 0% used [0x00000000f2c00000,0x00000000f2c00000,0x00000000f3100000)
 ParOldGen       total 84992K, used 8701K [0x00000000c0000000, 0x00000000c5300000, 0x00000000eab00000)
  object space 84992K, 10% used [0x00000000c0000000,0x00000000c087f718,0x00000000c5300000)
 Metaspace       used 20827K, capacity 21178K, committed 21296K, reserved 1067008K
  class space    used 2749K, capacity 2876K, committed 2944K, reserved 1048576K
}
Event: 1.617 GC heap before
{Heap before GC invocations=4 (full 1):
 PSYoungGen      total 68608K, used 5104K [0x00000000eab00000, 0x00000000f3100000, 0x0000000100000000)
  eden space 63488K, 0% used [0x00000000eab00000,0x00000000eab00000,0x00000000ee900000)
  from space 5120K, 99% used [0x00000000ee900000,0x00000000eedfc050,0x00000000eee00000)
  to   space 5120K, 0% used [0x00000000f2c00000,0x00000000f2c00000,0x00000000f3100000)
 ParOldGen       total 84992K, used 8701K [0x00000000c0000000, 0x00000000c5300000, 0x00000000eab00000)
  object space 84992K, 10% used [0x00000000c0000000,0x00000000c087f718,0x00000000c5300000)
 Metaspace       used 20827K, capacity 21178K, committed 21296K, reserved 1067008K
  class space    used 2749K, capacity 2876K, committed 2944K, reserved 1048576K
Event: 1.670 GC heap after
Heap after GC invocations=4 (full 1):
 PSYoungGen      total 68608K, used 0K [0x00000000eab00000, 0x00000000f3100000, 0x0000000100000000)
  eden space 63488K, 0% used [0x00000000eab00000,0x00000000eab00000,0x00000000ee900000)
  from space 5120K, 0% used [0x00000000ee900000,0x00000000ee900000,0x00000000eee00000)
  to   space 5120K, 0% used [0x00000000f2c00000,0x00000000f2c00000,0x00000000f3100000)
 ParOldGen       total 71168K, used 12000K [0x00000000c0000000, 0x00000000c4580000, 0x00000000eab00000)
  object space 71168K, 16% used [0x00000000c0000000,0x00000000c0bb8050,0x00000000c4580000)
 Metaspace       used 20827K, capacity 21178K, committed 21296K, reserved 1067008K
  class space    used 2749K, capacity 2876K, committed 2944K, reserved 1048576K
}

